2019-11-30 01:39:51 Error: [MissingControllerException] Controller class UsersController could not be found.
Exception Attributes: array (
  'class' => 'UsersController',
  'plugin' => NULL,
)
Request URL: /chat/users
Stack Trace:
#0 C:\xampp\htdocs\chat\app\webroot\index.php(117): Dispatcher->dispatch(Object(CakeRequest), Object(CakeResponse))
#1 {main}
2019-11-30 01:41:06 Error: [MissingActionException] Action UsersController::index() could not be found.
Exception Attributes: array (
  'controller' => 'UsersController',
  'action' => 'index',
)
Request URL: /chat/users
Stack Trace:
#0 C:\xampp\htdocs\chat\lib\Cake\Routing\Dispatcher.php(193): Controller->invokeAction(Object(CakeRequest))
#1 C:\xampp\htdocs\chat\lib\Cake\Routing\Dispatcher.php(167): Dispatcher->_invoke(Object(UsersController), Object(CakeRequest))
#2 C:\xampp\htdocs\chat\app\webroot\index.php(117): Dispatcher->dispatch(Object(CakeRequest), Object(CakeResponse))
#3 {main}
2019-11-30 01:41:07 Error: [MissingActionException] Action UsersController::index() could not be found.
Exception Attributes: array (
  'controller' => 'UsersController',
  'action' => 'index',
)
Request URL: /chat/users
Stack Trace:
#0 C:\xampp\htdocs\chat\lib\Cake\Routing\Dispatcher.php(193): Controller->invokeAction(Object(CakeRequest))
#1 C:\xampp\htdocs\chat\lib\Cake\Routing\Dispatcher.php(167): Dispatcher->_invoke(Object(UsersController), Object(CakeRequest))
#2 C:\xampp\htdocs\chat\app\webroot\index.php(117): Dispatcher->dispatch(Object(CakeRequest), Object(CakeResponse))
#3 {main}
2019-11-30 01:41:18 Error: [MissingViewException] View file "Users\index.ctp" is missing.
Exception Attributes: array (
  'file' => 'Users\\index.ctp',
)
Request URL: /chat/users
Stack Trace:
#0 C:\xampp\htdocs\chat\lib\Cake\View\View.php(470): View->_getViewFileName('Users\\index')
#1 C:\xampp\htdocs\chat\lib\Cake\Controller\Controller.php(968): View->render(NULL, NULL)
#2 C:\xampp\htdocs\chat\lib\Cake\Routing\Dispatcher.php(200): Controller->render()
#3 C:\xampp\htdocs\chat\lib\Cake\Routing\Dispatcher.php(167): Dispatcher->_invoke(Object(UsersController), Object(CakeRequest))
#4 C:\xampp\htdocs\chat\app\webroot\index.php(117): Dispatcher->dispatch(Object(CakeRequest), Object(CakeResponse))
#5 {main}
2019-11-30 01:41:19 Error: [MissingViewException] View file "Users\index.ctp" is missing.
Exception Attributes: array (
  'file' => 'Users\\index.ctp',
)
Request URL: /chat/users
Stack Trace:
#0 C:\xampp\htdocs\chat\lib\Cake\View\View.php(470): View->_getViewFileName('Users\\index')
#1 C:\xampp\htdocs\chat\lib\Cake\Controller\Controller.php(968): View->render(NULL, NULL)
#2 C:\xampp\htdocs\chat\lib\Cake\Routing\Dispatcher.php(200): Controller->render()
#3 C:\xampp\htdocs\chat\lib\Cake\Routing\Dispatcher.php(167): Dispatcher->_invoke(Object(UsersController), Object(CakeRequest))
#4 C:\xampp\htdocs\chat\app\webroot\index.php(117): Dispatcher->dispatch(Object(CakeRequest), Object(CakeResponse))
#5 {main}
2019-11-30 01:54:16 Error: [ParseError] syntax error, unexpected '}', expecting ',' or ';'
Request URL: /chat/users
Stack Trace:
#0 [internal function]: App::load('User')
#1 [internal function]: spl_autoload_call('User')
#2 C:\xampp\htdocs\chat\lib\Cake\Utility\ClassRegistry.php(146): class_exists('User')
#3 C:\xampp\htdocs\chat\lib\Cake\View\Helper\FormHelper.php(163): ClassRegistry::init('User')
#4 C:\xampp\htdocs\chat\lib\Cake\View\Helper\FormHelper.php(204): FormHelper->_getModel('User')
#5 C:\xampp\htdocs\chat\lib\Cake\View\Helper\FormHelper.php(354): FormHelper->_introspectModel('User', 'key')
#6 C:\xampp\htdocs\chat\app\View\users\index.ctp(4): FormHelper->create('User')
#7 C:\xampp\htdocs\chat\lib\Cake\View\View.php(971): include('C:\\xampp\\htdocs...')
#8 C:\xampp\htdocs\chat\lib\Cake\View\View.php(933): View->_evaluate('C:\\xampp\\htdocs...', Array)
#9 C:\xampp\htdocs\chat\lib\Cake\View\View.php(473): View->_render('C:\\xampp\\htdocs...')
#10 C:\xampp\htdocs\chat\lib\Cake\Controller\Controller.php(968): View->render(NULL, NULL)
#11 C:\xampp\htdocs\chat\lib\Cake\Routing\Dispatcher.php(200): Controller->render()
#12 C:\xampp\htdocs\chat\lib\Cake\Routing\Dispatcher.php(167): Dispatcher->_invoke(Object(UsersController), Object(CakeRequest))
#13 C:\xampp\htdocs\chat\app\webroot\index.php(117): Dispatcher->dispatch(Object(CakeRequest), Object(CakeResponse))
#14 {main}
2019-11-30 01:54:44 Error: [ParseError] syntax error, unexpected '}', expecting ',' or ';'
Request URL: /chat/users
Stack Trace:
#0 [internal function]: App::load('User')
#1 [internal function]: spl_autoload_call('User')
#2 C:\xampp\htdocs\chat\lib\Cake\Utility\ClassRegistry.php(146): class_exists('User')
#3 C:\xampp\htdocs\chat\lib\Cake\View\Helper\FormHelper.php(163): ClassRegistry::init('User')
#4 C:\xampp\htdocs\chat\lib\Cake\View\Helper\FormHelper.php(204): FormHelper->_getModel('User')
#5 C:\xampp\htdocs\chat\lib\Cake\View\Helper\FormHelper.php(354): FormHelper->_introspectModel('User', 'key')
#6 C:\xampp\htdocs\chat\app\View\users\index.ctp(4): FormHelper->create('User')
#7 C:\xampp\htdocs\chat\lib\Cake\View\View.php(971): include('C:\\xampp\\htdocs...')
#8 C:\xampp\htdocs\chat\lib\Cake\View\View.php(933): View->_evaluate('C:\\xampp\\htdocs...', Array)
#9 C:\xampp\htdocs\chat\lib\Cake\View\View.php(473): View->_render('C:\\xampp\\htdocs...')
#10 C:\xampp\htdocs\chat\lib\Cake\Controller\Controller.php(968): View->render(NULL, NULL)
#11 C:\xampp\htdocs\chat\lib\Cake\Routing\Dispatcher.php(200): Controller->render()
#12 C:\xampp\htdocs\chat\lib\Cake\Routing\Dispatcher.php(167): Dispatcher->_invoke(Object(UsersController), Object(CakeRequest))
#13 C:\xampp\htdocs\chat\app\webroot\index.php(117): Dispatcher->dispatch(Object(CakeRequest), Object(CakeResponse))
#14 {main}
2019-11-30 01:57:52 Error: [ParseError] syntax error, unexpected '}', expecting ',' or ';'
Request URL: /chat/users
Stack Trace:
#0 [internal function]: App::load('UsersController')
#1 [internal function]: spl_autoload_call('UsersController')
#2 C:\xampp\htdocs\chat\lib\Cake\Routing\Dispatcher.php(266): class_exists('UsersController')
#3 C:\xampp\htdocs\chat\lib\Cake\Routing\Dispatcher.php(235): Dispatcher->_loadController(Object(CakeRequest))
#4 C:\xampp\htdocs\chat\lib\Cake\Routing\Dispatcher.php(158): Dispatcher->_getController(Object(CakeRequest), Object(CakeResponse))
#5 C:\xampp\htdocs\chat\app\webroot\index.php(117): Dispatcher->dispatch(Object(CakeRequest), Object(CakeResponse))
#6 {main}
2019-11-30 02:02:43 Error: [Error] Call to a member function findById() on null
Request URL: /chat/users
Stack Trace:
#0 [internal function]: UsersController->index()
#1 C:\xampp\htdocs\chat\lib\Cake\Controller\Controller.php(499): ReflectionMethod->invokeArgs(Object(UsersController), Array)
#2 C:\xampp\htdocs\chat\lib\Cake\Routing\Dispatcher.php(193): Controller->invokeAction(Object(CakeRequest))
#3 C:\xampp\htdocs\chat\lib\Cake\Routing\Dispatcher.php(167): Dispatcher->_invoke(Object(UsersController), Object(CakeRequest))
#4 C:\xampp\htdocs\chat\app\webroot\index.php(117): Dispatcher->dispatch(Object(CakeRequest), Object(CakeResponse))
#5 {main}
2019-11-30 02:03:32 Error: [Error] Call to a member function findById() on null
Request URL: /chat/users
Stack Trace:
#0 [internal function]: UsersController->index()
#1 C:\xampp\htdocs\chat\lib\Cake\Controller\Controller.php(499): ReflectionMethod->invokeArgs(Object(UsersController), Array)
#2 C:\xampp\htdocs\chat\lib\Cake\Routing\Dispatcher.php(193): Controller->invokeAction(Object(CakeRequest))
#3 C:\xampp\htdocs\chat\lib\Cake\Routing\Dispatcher.php(167): Dispatcher->_invoke(Object(UsersController), Object(CakeRequest))
#4 C:\xampp\htdocs\chat\app\webroot\index.php(117): Dispatcher->dispatch(Object(CakeRequest), Object(CakeResponse))
#5 {main}
2019-11-30 02:03:43 Error: [Error] Call to a member function findById() on null
Request URL: /chat/users
Stack Trace:
#0 [internal function]: UsersController->index()
#1 C:\xampp\htdocs\chat\lib\Cake\Controller\Controller.php(499): ReflectionMethod->invokeArgs(Object(UsersController), Array)
#2 C:\xampp\htdocs\chat\lib\Cake\Routing\Dispatcher.php(193): Controller->invokeAction(Object(CakeRequest))
#3 C:\xampp\htdocs\chat\lib\Cake\Routing\Dispatcher.php(167): Dispatcher->_invoke(Object(UsersController), Object(CakeRequest))
#4 C:\xampp\htdocs\chat\app\webroot\index.php(117): Dispatcher->dispatch(Object(CakeRequest), Object(CakeResponse))
#5 {main}
2019-11-30 02:04:06 Error: [PDOException] SQLSTATE[42S22]: Column not found: 1054 Unknown column 'User.id' in 'where clause'
Request URL: /chat/users
Stack Trace:
#0 C:\xampp\htdocs\chat\lib\Cake\Model\Datasource\DboSource.php(502): PDOStatement->execute(Array)
#1 C:\xampp\htdocs\chat\lib\Cake\Model\Datasource\DboSource.php(468): DboSource->_execute('SELECT `User`.`...', Array)
#2 C:\xampp\htdocs\chat\lib\Cake\Model\Datasource\DboSource.php(715): DboSource->execute('SELECT `User`.`...', Array, Array)
#3 C:\xampp\htdocs\chat\lib\Cake\Model\Datasource\DboSource.php(1226): DboSource->fetchAll('SELECT `User`.`...', Array)
#4 C:\xampp\htdocs\chat\lib\Cake\Model\Model.php(3053): DboSource->read(Object(User), Array)
#5 C:\xampp\htdocs\chat\lib\Cake\Model\Model.php(3025): Model->_readDataSource('first', Array)
#6 C:\xampp\htdocs\chat\lib\Cake\Model\Datasource\DboSource.php(636): Model->find('first', Array)
#7 C:\xampp\htdocs\chat\lib\Cake\Model\Model.php(834): DboSource->query('findById', Array, Object(User))
#8 C:\xampp\htdocs\chat\app\Controller\UsersController.php(5): Model->__call('findById', Array)
#9 [internal function]: UsersController->index()
#10 C:\xampp\htdocs\chat\lib\Cake\Controller\Controller.php(499): ReflectionMethod->invokeArgs(Object(UsersController), Array)
#11 C:\xampp\htdocs\chat\lib\Cake\Routing\Dispatcher.php(193): Controller->invokeAction(Object(CakeRequest))
#12 C:\xampp\htdocs\chat\lib\Cake\Routing\Dispatcher.php(167): Dispatcher->_invoke(Object(UsersController), Object(CakeRequest))
#13 C:\xampp\htdocs\chat\app\webroot\index.php(117): Dispatcher->dispatch(Object(CakeRequest), Object(CakeResponse))
#14 {main}
2019-11-30 02:04:25 Error: [PDOException] SQLSTATE[42S22]: Column not found: 1054 Unknown column 'User.id' in 'where clause'
Request URL: /chat/users
Stack Trace:
#0 C:\xampp\htdocs\chat\lib\Cake\Model\Datasource\DboSource.php(502): PDOStatement->execute(Array)
#1 C:\xampp\htdocs\chat\lib\Cake\Model\Datasource\DboSource.php(468): DboSource->_execute('SELECT `User`.`...', Array)
#2 C:\xampp\htdocs\chat\lib\Cake\Model\Datasource\DboSource.php(715): DboSource->execute('SELECT `User`.`...', Array, Array)
#3 C:\xampp\htdocs\chat\lib\Cake\Model\Datasource\DboSource.php(1226): DboSource->fetchAll('SELECT `User`.`...', Array)
#4 C:\xampp\htdocs\chat\lib\Cake\Model\Model.php(3053): DboSource->read(Object(User), Array)
#5 C:\xampp\htdocs\chat\lib\Cake\Model\Model.php(3025): Model->_readDataSource('first', Array)
#6 C:\xampp\htdocs\chat\lib\Cake\Model\Datasource\DboSource.php(636): Model->find('first', Array)
#7 C:\xampp\htdocs\chat\lib\Cake\Model\Model.php(834): DboSource->query('findById', Array, Object(User))
#8 C:\xampp\htdocs\chat\app\Controller\UsersController.php(5): Model->__call('findById', Array)
#9 [internal function]: UsersController->index()
#10 C:\xampp\htdocs\chat\lib\Cake\Controller\Controller.php(499): ReflectionMethod->invokeArgs(Object(UsersController), Array)
#11 C:\xampp\htdocs\chat\lib\Cake\Routing\Dispatcher.php(193): Controller->invokeAction(Object(CakeRequest))
#12 C:\xampp\htdocs\chat\lib\Cake\Routing\Dispatcher.php(167): Dispatcher->_invoke(Object(UsersController), Object(CakeRequest))
#13 C:\xampp\htdocs\chat\app\webroot\index.php(117): Dispatcher->dispatch(Object(CakeRequest), Object(CakeResponse))
#14 {main}
2019-11-30 02:31:06 Error: [ParseError] syntax error, unexpected ')'
Request URL: /chat/users
Stack Trace:
#0 [internal function]: App::load('UsersController')
#1 [internal function]: spl_autoload_call('UsersController')
#2 C:\xampp\htdocs\chat\lib\Cake\Routing\Dispatcher.php(266): class_exists('UsersController')
#3 C:\xampp\htdocs\chat\lib\Cake\Routing\Dispatcher.php(235): Dispatcher->_loadController(Object(CakeRequest))
#4 C:\xampp\htdocs\chat\lib\Cake\Routing\Dispatcher.php(158): Dispatcher->_getController(Object(CakeRequest), Object(CakeResponse))
#5 C:\xampp\htdocs\chat\app\webroot\index.php(117): Dispatcher->dispatch(Object(CakeRequest), Object(CakeResponse))
#6 {main}
2019-11-30 02:38:02 Error: [ParseError] syntax error, unexpected end of file, expecting function (T_FUNCTION) or const (T_CONST)
Request URL: /chat/users
Stack Trace:
#0 [internal function]: App::load('UsersController')
#1 [internal function]: spl_autoload_call('UsersController')
#2 C:\xampp\htdocs\chat\lib\Cake\Routing\Dispatcher.php(266): class_exists('UsersController')
#3 C:\xampp\htdocs\chat\lib\Cake\Routing\Dispatcher.php(235): Dispatcher->_loadController(Object(CakeRequest))
#4 C:\xampp\htdocs\chat\lib\Cake\Routing\Dispatcher.php(158): Dispatcher->_getController(Object(CakeRequest), Object(CakeResponse))
#5 C:\xampp\htdocs\chat\app\webroot\index.php(117): Dispatcher->dispatch(Object(CakeRequest), Object(CakeResponse))
#6 {main}
2019-11-30 02:38:03 Error: [ParseError] syntax error, unexpected end of file, expecting function (T_FUNCTION) or const (T_CONST)
Request URL: /chat/users
Stack Trace:
#0 [internal function]: App::load('UsersController')
#1 [internal function]: spl_autoload_call('UsersController')
#2 C:\xampp\htdocs\chat\lib\Cake\Routing\Dispatcher.php(266): class_exists('UsersController')
#3 C:\xampp\htdocs\chat\lib\Cake\Routing\Dispatcher.php(235): Dispatcher->_loadController(Object(CakeRequest))
#4 C:\xampp\htdocs\chat\lib\Cake\Routing\Dispatcher.php(158): Dispatcher->_getController(Object(CakeRequest), Object(CakeResponse))
#5 C:\xampp\htdocs\chat\app\webroot\index.php(117): Dispatcher->dispatch(Object(CakeRequest), Object(CakeResponse))
#6 {main}
2019-11-30 02:38:19 Error: [ParseError] syntax error, unexpected end of file, expecting function (T_FUNCTION) or const (T_CONST)
Request URL: /chat/users
Stack Trace:
#0 [internal function]: App::load('UsersController')
#1 [internal function]: spl_autoload_call('UsersController')
#2 C:\xampp\htdocs\chat\lib\Cake\Routing\Dispatcher.php(266): class_exists('UsersController')
#3 C:\xampp\htdocs\chat\lib\Cake\Routing\Dispatcher.php(235): Dispatcher->_loadController(Object(CakeRequest))
#4 C:\xampp\htdocs\chat\lib\Cake\Routing\Dispatcher.php(158): Dispatcher->_getController(Object(CakeRequest), Object(CakeResponse))
#5 C:\xampp\htdocs\chat\app\webroot\index.php(117): Dispatcher->dispatch(Object(CakeRequest), Object(CakeResponse))
#6 {main}
2019-11-30 02:38:21 Error: [ParseError] syntax error, unexpected end of file, expecting function (T_FUNCTION) or const (T_CONST)
Request URL: /chat/users
Stack Trace:
#0 [internal function]: App::load('UsersController')
#1 [internal function]: spl_autoload_call('UsersController')
#2 C:\xampp\htdocs\chat\lib\Cake\Routing\Dispatcher.php(266): class_exists('UsersController')
#3 C:\xampp\htdocs\chat\lib\Cake\Routing\Dispatcher.php(235): Dispatcher->_loadController(Object(CakeRequest))
#4 C:\xampp\htdocs\chat\lib\Cake\Routing\Dispatcher.php(158): Dispatcher->_getController(Object(CakeRequest), Object(CakeResponse))
#5 C:\xampp\htdocs\chat\app\webroot\index.php(117): Dispatcher->dispatch(Object(CakeRequest), Object(CakeResponse))
#6 {main}
2019-11-30 02:38:21 Error: [ParseError] syntax error, unexpected end of file, expecting function (T_FUNCTION) or const (T_CONST)
Request URL: /chat/users
Stack Trace:
#0 [internal function]: App::load('UsersController')
#1 [internal function]: spl_autoload_call('UsersController')
#2 C:\xampp\htdocs\chat\lib\Cake\Routing\Dispatcher.php(266): class_exists('UsersController')
#3 C:\xampp\htdocs\chat\lib\Cake\Routing\Dispatcher.php(235): Dispatcher->_loadController(Object(CakeRequest))
#4 C:\xampp\htdocs\chat\lib\Cake\Routing\Dispatcher.php(158): Dispatcher->_getController(Object(CakeRequest), Object(CakeResponse))
#5 C:\xampp\htdocs\chat\app\webroot\index.php(117): Dispatcher->dispatch(Object(CakeRequest), Object(CakeResponse))
#6 {main}
2019-11-30 02:38:21 Error: [ParseError] syntax error, unexpected end of file, expecting function (T_FUNCTION) or const (T_CONST)
Request URL: /chat/users
Stack Trace:
#0 [internal function]: App::load('UsersController')
#1 [internal function]: spl_autoload_call('UsersController')
#2 C:\xampp\htdocs\chat\lib\Cake\Routing\Dispatcher.php(266): class_exists('UsersController')
#3 C:\xampp\htdocs\chat\lib\Cake\Routing\Dispatcher.php(235): Dispatcher->_loadController(Object(CakeRequest))
#4 C:\xampp\htdocs\chat\lib\Cake\Routing\Dispatcher.php(158): Dispatcher->_getController(Object(CakeRequest), Object(CakeResponse))
#5 C:\xampp\htdocs\chat\app\webroot\index.php(117): Dispatcher->dispatch(Object(CakeRequest), Object(CakeResponse))
#6 {main}
2019-11-30 02:38:22 Error: [ParseError] syntax error, unexpected end of file, expecting function (T_FUNCTION) or const (T_CONST)
Request URL: /chat/users
Stack Trace:
#0 [internal function]: App::load('UsersController')
#1 [internal function]: spl_autoload_call('UsersController')
#2 C:\xampp\htdocs\chat\lib\Cake\Routing\Dispatcher.php(266): class_exists('UsersController')
#3 C:\xampp\htdocs\chat\lib\Cake\Routing\Dispatcher.php(235): Dispatcher->_loadController(Object(CakeRequest))
#4 C:\xampp\htdocs\chat\lib\Cake\Routing\Dispatcher.php(158): Dispatcher->_getController(Object(CakeRequest), Object(CakeResponse))
#5 C:\xampp\htdocs\chat\app\webroot\index.php(117): Dispatcher->dispatch(Object(CakeRequest), Object(CakeResponse))
#6 {main}
2019-11-30 02:38:22 Error: [ParseError] syntax error, unexpected end of file, expecting function (T_FUNCTION) or const (T_CONST)
Request URL: /chat/users
Stack Trace:
#0 [internal function]: App::load('UsersController')
#1 [internal function]: spl_autoload_call('UsersController')
#2 C:\xampp\htdocs\chat\lib\Cake\Routing\Dispatcher.php(266): class_exists('UsersController')
#3 C:\xampp\htdocs\chat\lib\Cake\Routing\Dispatcher.php(235): Dispatcher->_loadController(Object(CakeRequest))
#4 C:\xampp\htdocs\chat\lib\Cake\Routing\Dispatcher.php(158): Dispatcher->_getController(Object(CakeRequest), Object(CakeResponse))
#5 C:\xampp\htdocs\chat\app\webroot\index.php(117): Dispatcher->dispatch(Object(CakeRequest), Object(CakeResponse))
#6 {main}
2019-11-30 02:50:27 Error: [ParseError] syntax error, unexpected '}', expecting ',' or ';'
Request URL: /chat/users
Stack Trace:
#0 [internal function]: App::load('UsersController')
#1 [internal function]: spl_autoload_call('UsersController')
#2 C:\xampp\htdocs\chat\lib\Cake\Routing\Dispatcher.php(266): class_exists('UsersController')
#3 C:\xampp\htdocs\chat\lib\Cake\Routing\Dispatcher.php(235): Dispatcher->_loadController(Object(CakeRequest))
#4 C:\xampp\htdocs\chat\lib\Cake\Routing\Dispatcher.php(158): Dispatcher->_getController(Object(CakeRequest), Object(CakeResponse))
#5 C:\xampp\htdocs\chat\app\webroot\index.php(117): Dispatcher->dispatch(Object(CakeRequest), Object(CakeResponse))
#6 {main}
2019-11-30 02:55:23 Error: [MissingActionException] Action UsersController::inbox() could not be found.
Exception Attributes: array (
  'controller' => 'UsersController',
  'action' => 'inbox',
)
Request URL: /chat/users/inbox
Stack Trace:
#0 C:\xampp\htdocs\chat\lib\Cake\Routing\Dispatcher.php(193): Controller->invokeAction(Object(CakeRequest))
#1 C:\xampp\htdocs\chat\lib\Cake\Routing\Dispatcher.php(167): Dispatcher->_invoke(Object(UsersController), Object(CakeRequest))
#2 C:\xampp\htdocs\chat\app\webroot\index.php(117): Dispatcher->dispatch(Object(CakeRequest), Object(CakeResponse))
#3 {main}
2019-11-30 02:55:45 Error: [MissingViewException] View file "Users\inbox.ctp" is missing.
Exception Attributes: array (
  'file' => 'Users\\inbox.ctp',
)
Request URL: /chat/users/inbox
Stack Trace:
#0 C:\xampp\htdocs\chat\lib\Cake\View\View.php(470): View->_getViewFileName('Users\\inbox')
#1 C:\xampp\htdocs\chat\lib\Cake\Controller\Controller.php(968): View->render(NULL, NULL)
#2 C:\xampp\htdocs\chat\lib\Cake\Routing\Dispatcher.php(200): Controller->render()
#3 C:\xampp\htdocs\chat\lib\Cake\Routing\Dispatcher.php(167): Dispatcher->_invoke(Object(UsersController), Object(CakeRequest))
#4 C:\xampp\htdocs\chat\app\webroot\index.php(117): Dispatcher->dispatch(Object(CakeRequest), Object(CakeResponse))
#5 {main}
2019-11-30 03:07:22 Error: [MissingActionException] Action UsersController::inbox() could not be found.
Exception Attributes: array (
  'controller' => 'UsersController',
  'action' => 'inbox',
)
Request URL: /chat/users/inbox
Stack Trace:
#0 C:\xampp\htdocs\chat\lib\Cake\Routing\Dispatcher.php(193): Controller->invokeAction(Object(CakeRequest))
#1 C:\xampp\htdocs\chat\lib\Cake\Routing\Dispatcher.php(167): Dispatcher->_invoke(Object(UsersController), Object(CakeRequest))
#2 C:\xampp\htdocs\chat\app\webroot\index.php(117): Dispatcher->dispatch(Object(CakeRequest), Object(CakeResponse))
#3 {main}
2019-11-30 03:07:40 Error: [MissingViewException] View file "Users\inbox.ctp" is missing.
Exception Attributes: array (
  'file' => 'Users\\inbox.ctp',
)
Request URL: /chat/users/inbox
Stack Trace:
#0 C:\xampp\htdocs\chat\lib\Cake\View\View.php(470): View->_getViewFileName('Users\\inbox')
#1 C:\xampp\htdocs\chat\lib\Cake\Controller\Controller.php(968): View->render(NULL, NULL)
#2 C:\xampp\htdocs\chat\lib\Cake\Routing\Dispatcher.php(200): Controller->render()
#3 C:\xampp\htdocs\chat\lib\Cake\Routing\Dispatcher.php(167): Dispatcher->_invoke(Object(UsersController), Object(CakeRequest))
#4 C:\xampp\htdocs\chat\app\webroot\index.php(117): Dispatcher->dispatch(Object(CakeRequest), Object(CakeResponse))
#5 {main}
2019-11-30 03:07:41 Error: [MissingViewException] View file "Users\inbox.ctp" is missing.
Exception Attributes: array (
  'file' => 'Users\\inbox.ctp',
)
Request URL: /chat/users/inbox
Stack Trace:
#0 C:\xampp\htdocs\chat\lib\Cake\View\View.php(470): View->_getViewFileName('Users\\inbox')
#1 C:\xampp\htdocs\chat\lib\Cake\Controller\Controller.php(968): View->render(NULL, NULL)
#2 C:\xampp\htdocs\chat\lib\Cake\Routing\Dispatcher.php(200): Controller->render()
#3 C:\xampp\htdocs\chat\lib\Cake\Routing\Dispatcher.php(167): Dispatcher->_invoke(Object(UsersController), Object(CakeRequest))
#4 C:\xampp\htdocs\chat\app\webroot\index.php(117): Dispatcher->dispatch(Object(CakeRequest), Object(CakeResponse))
#5 {main}
2019-11-30 03:29:57 Error: [ParseError] syntax error, unexpected 'echo' (T_ECHO), expecting ',' or ';'
Request URL: /chat/users/inbox
Stack Trace:
#0 C:\xampp\htdocs\chat\lib\Cake\View\View.php(933): View->_evaluate('C:\\xampp\\htdocs...', Array)
#1 C:\xampp\htdocs\chat\lib\Cake\View\View.php(473): View->_render('C:\\xampp\\htdocs...')
#2 C:\xampp\htdocs\chat\lib\Cake\Controller\Controller.php(968): View->render(NULL, NULL)
#3 C:\xampp\htdocs\chat\lib\Cake\Routing\Dispatcher.php(200): Controller->render()
#4 C:\xampp\htdocs\chat\lib\Cake\Routing\Dispatcher.php(167): Dispatcher->_invoke(Object(UsersController), Object(CakeRequest))
#5 C:\xampp\htdocs\chat\app\webroot\index.php(117): Dispatcher->dispatch(Object(CakeRequest), Object(CakeResponse))
#6 {main}
2019-11-30 03:29:57 Error: [ParseError] syntax error, unexpected 'echo' (T_ECHO), expecting ',' or ';'
Request URL: /chat/users/inbox
Stack Trace:
#0 C:\xampp\htdocs\chat\lib\Cake\View\View.php(933): View->_evaluate('C:\\xampp\\htdocs...', Array)
#1 C:\xampp\htdocs\chat\lib\Cake\View\View.php(473): View->_render('C:\\xampp\\htdocs...')
#2 C:\xampp\htdocs\chat\lib\Cake\Controller\Controller.php(968): View->render(NULL, NULL)
#3 C:\xampp\htdocs\chat\lib\Cake\Routing\Dispatcher.php(200): Controller->render()
#4 C:\xampp\htdocs\chat\lib\Cake\Routing\Dispatcher.php(167): Dispatcher->_invoke(Object(UsersController), Object(CakeRequest))
#5 C:\xampp\htdocs\chat\app\webroot\index.php(117): Dispatcher->dispatch(Object(CakeRequest), Object(CakeResponse))
#6 {main}
